<?xml version="1.0" encoding="UTF-8"?>
<testsuite xmlns:xsi="http://www.w3.org/2001/XMLSchema-instance" xsi:noNamespaceSchemaLocation="https://maven.apache.org/surefire/maven-surefire-plugin/xsd/surefire-test-report-3.0.xsd" version="3.0" name="TestSuite" time="131.838" tests="5" errors="0" skipped="0" failures="0">
  <properties>
[...]
</properties>
  <testcase name="validateLandingPageText" classname="com.frameworkdevelopment.TestNgAssertions" time="0.439"/>
  <testcase name="validateText" classname="com.frameworkdevelopment.TestNgAssertions" time="2.223"/>
  <testcase name="landingPageValidattion" classname="com.frameworkdevelopment.LandingPageAssertion" time="0.269"/>
  <testcase name="basePageNavigation" classname="com.frameworkdevelopment.HomePage" time="33.22"/>
  <testcase name="basePageNavigation" classname="com.frameworkdevelopment.HomePage" time="16.789"/>
</testsuite>