<?xml version="1.0" encoding="UTF-8"?>
<testng-results skipped="0" failed="0" ignored="0" total="1" passed="1">
  <reporter-output>
  </reporter-output>
  <suite name="Default suite" duration-ms="21187" started-at="2019-12-20T22:13:18 IST" finished-at="2019-12-20T22:13:39 IST">
    <groups>
    </groups>
    <test name="Default test" duration-ms="21187" started-at="2019-12-20T22:13:18 IST" finished-at="2019-12-20T22:13:39 IST">
      <class name="GlobalEnvVariables.GlobalEnvVariables">
        <test-method status="PASS" signature="dataFromPropFile()[pri:0, instance:GlobalEnvVariables.GlobalEnvVariables@3108bc]" name="dataFromPropFile" duration-ms="21119" started-at="2019-12-20T22:13:18 IST" finished-at="2019-12-20T22:13:39 IST">
          <reporter-output>
          </reporter-output>
        </test-method> <!-- dataFromPropFile -->
      </class> <!-- GlobalEnvVariables.GlobalEnvVariables -->
    </test> <!-- Default test -->
  </suite> <!-- Default suite -->
</testng-results>
