<?xml version="1.0" encoding="UTF-8"?>
<testng-results skipped="0" failed="0" ignored="0" total="2" passed="2">
  <reporter-output>
  </reporter-output>
  <suite name="Default suite" duration-ms="97924" started-at="2019-12-29T09:11:06 IST" finished-at="2019-12-29T09:12:44 IST">
    <groups>
      <group name="cucumber">
        <method signature="AbstractTestNGCucumberTests.runScenario(io.cucumber.testng.PickleEventWrapper, io.cucumber.testng.CucumberFeatureWrapper)[pri:0, instance:testrunner.TestRunner@7a1ebcd8]" name="runScenario" class="io.cucumber.testng.AbstractTestNGCucumberTests"/>
      </group> <!-- cucumber -->
    </groups>
    <test name="Default test" duration-ms="97924" started-at="2019-12-29T09:11:06 IST" finished-at="2019-12-29T09:12:44 IST">
      <class name="testrunner.TestRunner">
        <test-method status="PASS" signature="setUpClass()[pri:0, instance:testrunner.TestRunner@7a1ebcd8]" name="setUpClass" is-config="true" duration-ms="222" started-at="2019-12-29T09:11:06 IST" finished-at="2019-12-29T09:11:06 IST">
          <reporter-output>
          </reporter-output>
        </test-method> <!-- setUpClass -->
        <test-method status="PASS" signature="runScenario(io.cucumber.testng.PickleEventWrapper, io.cucumber.testng.CucumberFeatureWrapper)[pri:0, instance:testrunner.TestRunner@7a1ebcd8]" name="runScenario" duration-ms="59537" started-at="2019-12-29T09:11:06 IST" description="Runs Cucumber Scenarios" data-provider="scenarios" finished-at="2019-12-29T09:12:06 IST">
          <params>
            <param index="0">
              <value>
                <![CDATA["Positive Validations"]]>
              </value>
            </param>
            <param index="1">
              <value>
                <![CDATA["Login into the application"]]>
              </value>
            </param>
          </params>
          <reporter-output>
          </reporter-output>
        </test-method> <!-- runScenario -->
        <test-method status="PASS" signature="runScenario(io.cucumber.testng.PickleEventWrapper, io.cucumber.testng.CucumberFeatureWrapper)[pri:0, instance:testrunner.TestRunner@7a1ebcd8]" name="runScenario" duration-ms="37962" started-at="2019-12-29T09:12:06 IST" description="Runs Cucumber Scenarios" data-provider="scenarios" finished-at="2019-12-29T09:12:44 IST">
          <params>
            <param index="0">
              <value>
                <![CDATA["Positive Validations"]]>
              </value>
            </param>
            <param index="1">
              <value>
                <![CDATA["Login into the application"]]>
              </value>
            </param>
          </params>
          <reporter-output>
          </reporter-output>
        </test-method> <!-- runScenario -->
        <test-method status="PASS" signature="tearDownClass()[pri:0, instance:testrunner.TestRunner@7a1ebcd8]" name="tearDownClass" is-config="true" duration-ms="4" started-at="2019-12-29T09:12:44 IST" finished-at="2019-12-29T09:12:44 IST">
          <reporter-output>
          </reporter-output>
        </test-method> <!-- tearDownClass -->
      </class> <!-- testrunner.TestRunner -->
    </test> <!-- Default test -->
  </suite> <!-- Default suite -->
</testng-results>
