<?xml version="1.0" encoding="UTF-8"?>
<!-- Generated by org.testng.reporters.JUnitXMLReporter -->
<testsuite hostname="DESKTOP-R1TG5S3" ignored="1" name="Suite 2" tests="2" failures="1" timestamp="2019-12-19T22:24:35 IST" time="0.032" errors="0">
  <testcase name="demo5" time="0.007" classname="TestNGPractise.testNg3">
    <failure type="java.lang.AssertionError" message="did not expect to find [true] but found [false]">
      <![CDATA[java.lang.AssertionError: did not expect to find [true] but found [false]
at TestNGPractise.testNg3.demo5(testNg3.java:14)
at java.util.ArrayList.forEach(Unknown Source)
... Removed 31 stack frames]]>
    </failure>
  </testcase> <!-- demo5 -->
  <testcase name="demo6" time="0.008" classname="TestNGPractise.testNg3"/>
  <testcase name="groupsConcept" time="0.0" classname="TestNGPractise.testNg3">
    <ignored/>
  </testcase> <!-- groupsConcept -->
</testsuite> <!-- Suite 2 -->
