<?xml version="1.0" encoding="UTF-8"?>
<!-- Generated by org.testng.reporters.JUnitXMLReporter -->
<testsuite hostname="DESKTOP-R1TG5S3" ignored="2" name="Test" tests="6" failures="0" timestamp="2019-12-19T22:24:35 IST" time="0.176" errors="0">
  <testcase name="demo3" time="0.009" classname="TestNGPractise.testNg2"/>
  <testcase name="demo2" time="0.009" classname="TestNGPractise.testNg"/>
  <testcase name="groupsConcept" time="0.005" classname="TestNGPractise.testNg"/>
  <testcase name="groupsConcept" time="0.005" classname="TestNGPractise.testNg"/>
  <testcase name="groupsConcept" time="0.004" classname="TestNGPractise.testNg"/>
  <testcase name="demo1" time="0.019" classname="TestNGPractise.testNg"/>
  <testcase name="demo" time="0.0" classname="TestNGPractise.testNg2">
    <ignored/>
  </testcase> <!-- demo -->
  <testcase name="groupsConcept" time="0.0" classname="TestNGPractise.testNg2">
    <ignored/>
  </testcase> <!-- groupsConcept -->
</testsuite> <!-- Test -->
