<?xml version="1.0" encoding="UTF-8"?>
<!-- Generated by org.testng.reporters.JUnitXMLReporter -->
<testsuite hostname="DESKTOP-R1TG5S3" ignored="0" name="Login Page validation" tests="2" failures="0" timestamp="2019-12-29T08:00:33 IST" time="65.251" errors="0">
  <testcase name="basePageNavigation" time="33.219" classname="com.frameworkdevelopment.HomePage"/>
  <testcase name="basePageNavigation" time="16.788" classname="com.frameworkdevelopment.HomePage"/>
</testsuite> <!-- Login Page validation -->
