<?xml version="1.0" encoding="UTF-8"?>
<!-- Generated by org.testng.reporters.JUnitXMLReporter -->
<testsuite hostname="DESKTOP-R1TG5S3" ignored="0" name="Test Ng assertion for Text" tests="2" failures="0" timestamp="2019-12-29T07:59:06 IST" time="30.704" errors="0">
  <testcase name="validateLandingPageText" time="0.437" classname="com.frameworkdevelopment.TestNgAssertions"/>
  <testcase name="validateText" time="2.23" classname="com.frameworkdevelopment.TestNgAssertions"/>
</testsuite> <!-- Test Ng assertion for Text -->
