<?xml version="1.0" encoding="UTF-8"?>
<!-- Generated by org.testng.reporters.JUnitXMLReporter -->
<testsuite hostname="DESKTOP-R1TG5S3" ignored="0" name="Test" tests="4" failures="0" timestamp="2019-12-25T06:10:25 IST" time="101.865" errors="0">
  <testcase name="validateText" time="0.791" classname="com.frameworkdevelopment.TestNgAssertions"/>
  <testcase name="basePageNavigation" time="0.325" classname="com.frameworkdevelopment.LandingPageAssertion"/>
  <testcase name="basePageNavigation" time="22.516" classname="com.frameworkdevelopment.HomePage"/>
  <testcase name="basePageNavigation" time="12.553" classname="com.frameworkdevelopment.HomePage"/>
</testsuite> <!-- Test -->
