<?xml version="1.0" encoding="UTF-8"?>
<!-- Generated by org.testng.reporters.JUnitXMLReporter -->
<testsuite hostname="DESKTOP-R1TG5S3" ignored="0" name="Default test" tests="2" failures="0" timestamp="2019-12-29T09:12:46 IST" time="97.924" errors="0">
  <testcase name="runScenario" time="59.537" classname="io.cucumber.testng.AbstractTestNGCucumberTests"/>
  <testcase name="runScenario" time="37.962" classname="io.cucumber.testng.AbstractTestNGCucumberTests"/>
</testsuite> <!-- Default test -->
